Wed, 15 Feb 2017 14:19:21 videodl.py[line:22] INFO =============================
Wed, 15 Feb 2017 14:19:21 videodl.py[line:23] INFO Proccess item(58a3f032c59bd32bd08d46f6).
Wed, 15 Feb 2017 14:19:21 videodl.py[line:25] INFO video id is 3235.
Wed, 15 Feb 2017 14:19:21 videodl.py[line:28] INFO got 3 media.
Wed, 15 Feb 2017 14:19:21 videodl.py[line:35] INFO downloading...
Wed, 15 Feb 2017 14:19:26 videodl.py[line:55] INFO success and insert into db.
Wed, 15 Feb 2017 14:19:26 videodl.py[line:35] INFO downloading...
Wed, 15 Feb 2017 14:19:35 videodl.py[line:55] INFO success and insert into db.
Wed, 15 Feb 2017 14:19:35 videodl.py[line:35] INFO downloading...
Wed, 15 Feb 2017 14:19:47 videodl.py[line:55] INFO success and insert into db.
Wed, 15 Feb 2017 14:19:47 videodl.py[line:60] INFO delete the template item of db.
Wed, 15 Feb 2017 14:19:47 videodl.py[line:96] INFO =============================
Wed, 15 Feb 2017 14:19:47 videodl.py[line:88] ERROR No pre-data in database, waiting for retry...
Wed, 15 Feb 2017 14:19:52 videodl.py[line:96] INFO =============================
Wed, 15 Feb 2017 14:19:52 videodl.py[line:88] ERROR No pre-data in database, waiting for retry...
Wed, 15 Feb 2017 14:19:57 videodl.py[line:96] INFO =============================
Wed, 15 Feb 2017 14:19:57 videodl.py[line:88] ERROR No pre-data in database, waiting for retry...
Wed, 15 Feb 2017 14:20:02 videodl.py[line:96] INFO =============================
Wed, 15 Feb 2017 14:20:03 videodl.py[line:88] ERROR No pre-data in database, waiting for retry...
Wed, 15 Feb 2017 14:20:08 videodl.py[line:96] INFO =============================
Wed, 15 Feb 2017 14:20:08 videodl.py[line:88] ERROR No pre-data in database, waiting for retry...
